<?xml version="1.0" encoding="UTF-8"?>
<!-- Generated by org.testng.reporters.JUnitReportReporter -->
<testsuite hostname="CBT-CAB3-04" name="com.Script.Login" tests="1" failures="0" timestamp="30 Jan 2017 07:55:33 GMT" time="29.964" errors="0">
  <testcase name="testlogin" time="29.964" classname="com.Script.Login"/>
</testsuite> <!-- com.Script.Login -->
